{"D:\\download\\z\\data diri\\bootcamp\\phase 2\\individual project\\ip-MuhammadSyauqiAlBashir\\server\\app.js": {"path":"D:\\download\\z\\data diri\\bootcamp\\phase 2\\individual project\\ip-MuhammadSyauqiAlBashir\\server\\app.js","statementMap":{"0":{"start":{"line":1,"column":0},"end":{"line":3,"column":1}},"1":{"start":{"line":2,"column":2},"end":{"line":2,"column":29}},"2":{"start":{"line":4,"column":16},"end":{"line":4,"column":34}},"3":{"start":{"line":5,"column":15},"end":{"line":5,"column":35}},"4":{"start":{"line":6,"column":12},"end":{"line":6,"column":21}},"5":{"start":{"line":7,"column":11},"end":{"line":7,"column":31}},"6":{"start":{"line":9,"column":13},"end":{"line":9,"column":28}},"7":{"start":{"line":10,"column":38},"end":{"line":10,"column":57}},"8":{"start":{"line":11,"column":19},"end":{"line":11,"column":40}},"9":{"start":{"line":13,"column":0},"end":{"line":46,"column":3}},"10":{"start":{"line":14,"column":18},"end":{"line":14,"column":39}},"11":{"start":{"line":15,"column":2},"end":{"line":45,"column":5}},"12":{"start":{"line":16,"column":24},"end":{"line":16,"column":34}},"13":{"start":{"line":17,"column":24},"end":{"line":17,"column":46}},"14":{"start":{"line":18,"column":17},"end":{"line":18,"column":42}},"15":{"start":{"line":19,"column":20},"end":{"line":19,"column":55}},"16":{"start":{"line":20,"column":4},"end":{"line":44,"column":5}},"17":{"start":{"line":21,"column":6},"end":{"line":23,"column":9}},"18":{"start":{"line":24,"column":25},"end":{"line":28,"column":8}},"19":{"start":{"line":29,"column":26},"end":{"line":35,"column":8}},"20":{"start":{"line":36,"column":17},"end":{"line":36,"column":47}},"21":{"start":{"line":37,"column":6},"end":{"line":43,"column":9}},"22":{"start":{"line":48,"column":0},"end":{"line":48,"column":16}},"23":{"start":{"line":50,"column":0},"end":{"line":50,"column":49}},"24":{"start":{"line":51,"column":0},"end":{"line":51,"column":24}},"25":{"start":{"line":53,"column":0},"end":{"line":53,"column":16}},"26":{"start":{"line":55,"column":0},"end":{"line":55,"column":21}}},"fnMap":{"0":{"name":"(anonymous_0)","decl":{"start":{"line":13,"column":41},"end":{"line":13,"column":42}},"loc":{"start":{"line":13,"column":53},"end":{"line":46,"column":1}},"line":13},"1":{"name":"(anonymous_1)","decl":{"start":{"line":15,"column":16},"end":{"line":15,"column":17}},"loc":{"start":{"line":15,"column":30},"end":{"line":45,"column":3}},"line":15}},"branchMap":{"0":{"loc":{"start":{"line":1,"column":0},"end":{"line":3,"column":1}},"type":"if","locations":[{"start":{"line":1,"column":0},"end":{"line":3,"column":1}},{"start":{},"end":{}}],"line":1},"1":{"loc":{"start":{"line":20,"column":4},"end":{"line":44,"column":5}},"type":"if","locations":[{"start":{"line":20,"column":4},"end":{"line":44,"column":5}},{"start":{},"end":{}}],"line":20},"2":{"loc":{"start":{"line":20,"column":8},"end":{"line":20,"column":49}},"type":"binary-expr","locations":[{"start":{"line":20,"column":8},"end":{"line":20,"column":33}},{"start":{"line":20,"column":37},"end":{"line":20,"column":49}}],"line":20}},"s":{"0":1,"1":1,"2":1,"3":1,"4":1,"5":1,"6":1,"7":1,"8":1,"9":1,"10":0,"11":0,"12":0,"13":0,"14":0,"15":0,"16":0,"17":0,"18":0,"19":0,"20":0,"21":0,"22":1,"23":1,"24":1,"25":1,"26":1},"f":{"0":0,"1":0},"b":{"0":[1,0],"1":[0,0],"2":[0,0]},"_coverageSchema":"1a1c01bbd47fc00a2c39e90264f33305004495a9","hash":"194ba7f608dd00e386c09c1ecd47002f8c23555c"}
,"D:\\download\\z\\data diri\\bootcamp\\phase 2\\individual project\\ip-MuhammadSyauqiAlBashir\\server\\controllers\\controller.js": {"path":"D:\\download\\z\\data diri\\bootcamp\\phase 2\\individual project\\ip-MuhammadSyauqiAlBashir\\server\\controllers\\controller.js","statementMap":{"0":{"start":{"line":1,"column":19},"end":{"line":1,"column":47}},"1":{"start":{"line":2,"column":23},"end":{"line":2,"column":49}},"2":{"start":{"line":3,"column":25},"end":{"line":3,"column":55}},"3":{"start":{"line":4,"column":15},"end":{"line":4,"column":33}},"4":{"start":{"line":5,"column":15},"end":{"line":5,"column":34}},"5":{"start":{"line":6,"column":15},"end":{"line":10,"column":2}},"6":{"start":{"line":11,"column":14},"end":{"line":11,"column":39}},"7":{"start":{"line":19,"column":4},"end":{"line":19,"column":24}},"8":{"start":{"line":23,"column":4},"end":{"line":40,"column":5}},"9":{"start":{"line":24,"column":34},"end":{"line":24,"column":42}},"10":{"start":{"line":25,"column":6},"end":{"line":25,"column":50}},"11":{"start":{"line":25,"column":18},"end":{"line":25,"column":50}},"12":{"start":{"line":26,"column":6},"end":{"line":26,"column":56}},"13":{"start":{"line":26,"column":21},"end":{"line":26,"column":56}},"14":{"start":{"line":27,"column":19},"end":{"line":31,"column":8}},"15":{"start":{"line":32,"column":6},"end":{"line":32,"column":48}},"16":{"start":{"line":32,"column":17},"end":{"line":32,"column":48}},"17":{"start":{"line":33,"column":24},"end":{"line":33,"column":75}},"18":{"start":{"line":34,"column":6},"end":{"line":34,"column":53}},"19":{"start":{"line":34,"column":22},"end":{"line":34,"column":53}},"20":{"start":{"line":35,"column":22},"end":{"line":35,"column":37}},"21":{"start":{"line":36,"column":26},"end":{"line":36,"column":49}},"22":{"start":{"line":37,"column":6},"end":{"line":37,"column":70}},"23":{"start":{"line":39,"column":6},"end":{"line":39,"column":18}},"24":{"start":{"line":43,"column":4},"end":{"line":51,"column":5}},"25":{"start":{"line":44,"column":19},"end":{"line":44,"column":46}},"26":{"start":{"line":45,"column":6},"end":{"line":47,"column":9}},"27":{"start":{"line":48,"column":6},"end":{"line":48,"column":33}},"28":{"start":{"line":50,"column":6},"end":{"line":50,"column":18}},"29":{"start":{"line":54,"column":4},"end":{"line":115,"column":5}},"30":{"start":{"line":55,"column":17},"end":{"line":58,"column":8}},"31":{"start":{"line":59,"column":19},"end":{"line":59,"column":30}},"32":{"start":{"line":60,"column":30},"end":{"line":60,"column":38}},"33":{"start":{"line":61,"column":20},"end":{"line":64,"column":8}},"34":{"start":{"line":65,"column":22},"end":{"line":65,"column":30}},"35":{"start":{"line":67,"column":26},"end":{"line":83,"column":7}},"36":{"start":{"line":68,"column":25},"end":{"line":68,"column":26}},"37":{"start":{"line":69,"column":8},"end":{"line":81,"column":9}},"38":{"start":{"line":69,"column":21},"end":{"line":69,"column":22}},"39":{"start":{"line":70,"column":21},"end":{"line":70,"column":29}},"40":{"start":{"line":71,"column":28},"end":{"line":71,"column":66}},"41":{"start":{"line":72,"column":10},"end":{"line":72,"column":41}},"42":{"start":{"line":73,"column":25},"end":{"line":73,"column":54}},"43":{"start":{"line":74,"column":10},"end":{"line":74,"column":33}},"44":{"start":{"line":75,"column":10},"end":{"line":80,"column":13}},"45":{"start":{"line":82,"column":8},"end":{"line":82,"column":26}},"46":{"start":{"line":84,"column":31},"end":{"line":84,"column":50}},"47":{"start":{"line":85,"column":6},"end":{"line":87,"column":7}},"48":{"start":{"line":86,"column":8},"end":{"line":86,"column":76}},"49":{"start":{"line":88,"column":22},"end":{"line":103,"column":7}},"50":{"start":{"line":105,"column":26},"end":{"line":105,"column":65}},"51":{"start":{"line":106,"column":29},"end":{"line":106,"column":46}},"52":{"start":{"line":107,"column":6},"end":{"line":112,"column":9}},"53":{"start":{"line":114,"column":6},"end":{"line":114,"column":18}},"54":{"start":{"line":118,"column":4},"end":{"line":131,"column":5}},"55":{"start":{"line":119,"column":24},"end":{"line":119,"column":34}},"56":{"start":{"line":120,"column":18},"end":{"line":120,"column":47}},"57":{"start":{"line":121,"column":6},"end":{"line":121,"column":50}},"58":{"start":{"line":121,"column":18},"end":{"line":121,"column":50}},"59":{"start":{"line":122,"column":6},"end":{"line":124,"column":7}},"60":{"start":{"line":123,"column":8},"end":{"line":123,"column":56}},"61":{"start":{"line":125,"column":6},"end":{"line":127,"column":9}},"62":{"start":{"line":128,"column":6},"end":{"line":128,"column":78}},"63":{"start":{"line":130,"column":6},"end":{"line":130,"column":18}},"64":{"start":{"line":134,"column":4},"end":{"line":150,"column":5}},"65":{"start":{"line":135,"column":19},"end":{"line":135,"column":30}},"66":{"start":{"line":136,"column":18},"end":{"line":146,"column":8}},"67":{"start":{"line":147,"column":6},"end":{"line":147,"column":34}},"68":{"start":{"line":149,"column":6},"end":{"line":149,"column":18}},"69":{"start":{"line":153,"column":4},"end":{"line":180,"column":5}},"70":{"start":{"line":154,"column":24},"end":{"line":154,"column":34}},"71":{"start":{"line":155,"column":18},"end":{"line":155,"column":47}},"72":{"start":{"line":156,"column":6},"end":{"line":156,"column":50}},"73":{"start":{"line":156,"column":18},"end":{"line":156,"column":50}},"74":{"start":{"line":157,"column":6},"end":{"line":159,"column":7}},"75":{"start":{"line":158,"column":8},"end":{"line":158,"column":61}},"76":{"start":{"line":160,"column":6},"end":{"line":164,"column":9}},"77":{"start":{"line":165,"column":6},"end":{"line":169,"column":9}},"78":{"start":{"line":170,"column":6},"end":{"line":174,"column":9}},"79":{"start":{"line":175,"column":6},"end":{"line":177,"column":68}},"80":{"start":{"line":179,"column":6},"end":{"line":179,"column":18}},"81":{"start":{"line":183,"column":4},"end":{"line":189,"column":5}},"82":{"start":{"line":184,"column":20},"end":{"line":184,"column":43}},"83":{"start":{"line":185,"column":6},"end":{"line":185,"column":36}},"84":{"start":{"line":187,"column":6},"end":{"line":187,"column":18}},"85":{"start":{"line":188,"column":6},"end":{"line":188,"column":25}},"86":{"start":{"line":192,"column":4},"end":{"line":203,"column":5}},"87":{"start":{"line":193,"column":19},"end":{"line":193,"column":30}},"88":{"start":{"line":194,"column":32},"end":{"line":194,"column":40}},"89":{"start":{"line":195,"column":25},"end":{"line":199,"column":8}},"90":{"start":{"line":200,"column":6},"end":{"line":200,"column":41}},"91":{"start":{"line":202,"column":6},"end":{"line":202,"column":18}},"92":{"start":{"line":206,"column":4},"end":{"line":216,"column":5}},"93":{"start":{"line":207,"column":19},"end":{"line":207,"column":30}},"94":{"start":{"line":208,"column":22},"end":{"line":212,"column":8}},"95":{"start":{"line":213,"column":6},"end":{"line":213,"column":38}},"96":{"start":{"line":215,"column":6},"end":{"line":215,"column":18}},"97":{"start":{"line":219,"column":4},"end":{"line":224,"column":5}},"98":{"start":{"line":220,"column":21},"end":{"line":220,"column":45}},"99":{"start":{"line":221,"column":6},"end":{"line":221,"column":37}},"100":{"start":{"line":223,"column":6},"end":{"line":223,"column":18}},"101":{"start":{"line":227,"column":4},"end":{"line":242,"column":5}},"102":{"start":{"line":228,"column":15},"end":{"line":228,"column":26}},"103":{"start":{"line":229,"column":6},"end":{"line":229,"column":52}},"104":{"start":{"line":229,"column":21},"end":{"line":229,"column":52}},"105":{"start":{"line":230,"column":21},"end":{"line":230,"column":55}},"106":{"start":{"line":231,"column":18},"end":{"line":231,"column":62}},"107":{"start":{"line":232,"column":21},"end":{"line":236,"column":8}},"108":{"start":{"line":237,"column":17},"end":{"line":237,"column":40}},"109":{"start":{"line":238,"column":6},"end":{"line":238,"column":58}},"110":{"start":{"line":239,"column":6},"end":{"line":239,"column":80}},"111":{"start":{"line":241,"column":6},"end":{"line":241,"column":18}},"112":{"start":{"line":246,"column":4},"end":{"line":268,"column":5}},"113":{"start":{"line":247,"column":30},"end":{"line":247,"column":38}},"114":{"start":{"line":248,"column":6},"end":{"line":248,"column":55}},"115":{"start":{"line":248,"column":24},"end":{"line":248,"column":55}},"116":{"start":{"line":249,"column":21},"end":{"line":252,"column":8}},"117":{"start":{"line":253,"column":30},"end":{"line":253,"column":49}},"118":{"start":{"line":254,"column":30},"end":{"line":262,"column":8}},"119":{"start":{"line":263,"column":22},"end":{"line":263,"column":37}},"120":{"start":{"line":264,"column":26},"end":{"line":264,"column":49}},"121":{"start":{"line":265,"column":6},"end":{"line":265,"column":70}},"122":{"start":{"line":267,"column":6},"end":{"line":267,"column":18}},"123":{"start":{"line":271,"column":4},"end":{"line":285,"column":5}},"124":{"start":{"line":272,"column":19},"end":{"line":272,"column":30}},"125":{"start":{"line":273,"column":17},"end":{"line":280,"column":8}},"126":{"start":{"line":281,"column":6},"end":{"line":281,"column":49}},"127":{"start":{"line":281,"column":17},"end":{"line":281,"column":49}},"128":{"start":{"line":282,"column":6},"end":{"line":282,"column":33}},"129":{"start":{"line":284,"column":6},"end":{"line":284,"column":18}},"130":{"start":{"line":289,"column":0},"end":{"line":289,"column":28}}},"fnMap":{"0":{"name":"(anonymous_0)","decl":{"start":{"line":22,"column":2},"end":{"line":22,"column":3}},"loc":{"start":{"line":22,"column":37},"end":{"line":41,"column":3}},"line":22},"1":{"name":"(anonymous_1)","decl":{"start":{"line":42,"column":2},"end":{"line":42,"column":3}},"loc":{"start":{"line":42,"column":40},"end":{"line":52,"column":3}},"line":42},"2":{"name":"(anonymous_2)","decl":{"start":{"line":53,"column":2},"end":{"line":53,"column":3}},"loc":{"start":{"line":53,"column":48},"end":{"line":116,"column":3}},"line":53},"3":{"name":"(anonymous_3)","decl":{"start":{"line":67,"column":26},"end":{"line":67,"column":27}},"loc":{"start":{"line":67,"column":38},"end":{"line":83,"column":7}},"line":67},"4":{"name":"(anonymous_4)","decl":{"start":{"line":117,"column":2},"end":{"line":117,"column":3}},"loc":{"start":{"line":117,"column":43},"end":{"line":132,"column":3}},"line":117},"5":{"name":"(anonymous_5)","decl":{"start":{"line":133,"column":2},"end":{"line":133,"column":3}},"loc":{"start":{"line":133,"column":44},"end":{"line":151,"column":3}},"line":133},"6":{"name":"(anonymous_6)","decl":{"start":{"line":152,"column":2},"end":{"line":152,"column":3}},"loc":{"start":{"line":152,"column":43},"end":{"line":181,"column":3}},"line":152},"7":{"name":"(anonymous_7)","decl":{"start":{"line":182,"column":2},"end":{"line":182,"column":3}},"loc":{"start":{"line":182,"column":43},"end":{"line":190,"column":3}},"line":182},"8":{"name":"(anonymous_8)","decl":{"start":{"line":191,"column":2},"end":{"line":191,"column":3}},"loc":{"start":{"line":191,"column":50},"end":{"line":204,"column":3}},"line":191},"9":{"name":"(anonymous_9)","decl":{"start":{"line":205,"column":2},"end":{"line":205,"column":3}},"loc":{"start":{"line":205,"column":47},"end":{"line":217,"column":3}},"line":205},"10":{"name":"(anonymous_10)","decl":{"start":{"line":218,"column":2},"end":{"line":218,"column":3}},"loc":{"start":{"line":218,"column":43},"end":{"line":225,"column":3}},"line":218},"11":{"name":"(anonymous_11)","decl":{"start":{"line":226,"column":2},"end":{"line":226,"column":3}},"loc":{"start":{"line":226,"column":49},"end":{"line":243,"column":3}},"line":226},"12":{"name":"(anonymous_12)","decl":{"start":{"line":245,"column":2},"end":{"line":245,"column":3}},"loc":{"start":{"line":245,"column":43},"end":{"line":269,"column":3}},"line":245},"13":{"name":"(anonymous_13)","decl":{"start":{"line":270,"column":2},"end":{"line":270,"column":3}},"loc":{"start":{"line":270,"column":42},"end":{"line":286,"column":3}},"line":270}},"branchMap":{"0":{"loc":{"start":{"line":25,"column":6},"end":{"line":25,"column":50}},"type":"if","locations":[{"start":{"line":25,"column":6},"end":{"line":25,"column":50}},{"start":{},"end":{}}],"line":25},"1":{"loc":{"start":{"line":26,"column":6},"end":{"line":26,"column":56}},"type":"if","locations":[{"start":{"line":26,"column":6},"end":{"line":26,"column":56}},{"start":{},"end":{}}],"line":26},"2":{"loc":{"start":{"line":32,"column":6},"end":{"line":32,"column":48}},"type":"if","locations":[{"start":{"line":32,"column":6},"end":{"line":32,"column":48}},{"start":{},"end":{}}],"line":32},"3":{"loc":{"start":{"line":34,"column":6},"end":{"line":34,"column":53}},"type":"if","locations":[{"start":{"line":34,"column":6},"end":{"line":34,"column":53}},{"start":{},"end":{}}],"line":34},"4":{"loc":{"start":{"line":85,"column":6},"end":{"line":87,"column":7}},"type":"if","locations":[{"start":{"line":85,"column":6},"end":{"line":87,"column":7}},{"start":{},"end":{}}],"line":85},"5":{"loc":{"start":{"line":91,"column":12},"end":{"line":93,"column":34}},"type":"cond-expr","locations":[{"start":{"line":92,"column":16},"end":{"line":92,"column":33}},{"start":{"line":93,"column":16},"end":{"line":93,"column":34}}],"line":91},"6":{"loc":{"start":{"line":121,"column":6},"end":{"line":121,"column":50}},"type":"if","locations":[{"start":{"line":121,"column":6},"end":{"line":121,"column":50}},{"start":{},"end":{}}],"line":121},"7":{"loc":{"start":{"line":122,"column":6},"end":{"line":124,"column":7}},"type":"if","locations":[{"start":{"line":122,"column":6},"end":{"line":124,"column":7}},{"start":{},"end":{}}],"line":122},"8":{"loc":{"start":{"line":156,"column":6},"end":{"line":156,"column":50}},"type":"if","locations":[{"start":{"line":156,"column":6},"end":{"line":156,"column":50}},{"start":{},"end":{}}],"line":156},"9":{"loc":{"start":{"line":157,"column":6},"end":{"line":159,"column":7}},"type":"if","locations":[{"start":{"line":157,"column":6},"end":{"line":159,"column":7}},{"start":{},"end":{}}],"line":157},"10":{"loc":{"start":{"line":229,"column":6},"end":{"line":229,"column":52}},"type":"if","locations":[{"start":{"line":229,"column":6},"end":{"line":229,"column":52}},{"start":{},"end":{}}],"line":229},"11":{"loc":{"start":{"line":248,"column":6},"end":{"line":248,"column":55}},"type":"if","locations":[{"start":{"line":248,"column":6},"end":{"line":248,"column":55}},{"start":{},"end":{}}],"line":248},"12":{"loc":{"start":{"line":281,"column":6},"end":{"line":281,"column":49}},"type":"if","locations":[{"start":{"line":281,"column":6},"end":{"line":281,"column":49}},{"start":{},"end":{}}],"line":281}},"s":{"0":1,"1":1,"2":1,"3":1,"4":1,"5":1,"6":1,"7":1,"8":5,"9":5,"10":5,"11":1,"12":4,"13":1,"14":3,"15":3,"16":1,"17":2,"18":2,"19":1,"20":1,"21":1,"22":1,"23":4,"24":7,"25":7,"26":1,"27":1,"28":6,"29":0,"30":0,"31":0,"32":0,"33":0,"34":0,"35":0,"36":0,"37":0,"38":0,"39":0,"40":0,"41":0,"42":0,"43":0,"44":0,"45":0,"46":0,"47":0,"48":0,"49":0,"50":0,"51":0,"52":0,"53":0,"54":0,"55":0,"56":0,"57":0,"58":0,"59":0,"60":0,"61":0,"62":0,"63":0,"64":0,"65":0,"66":0,"67":0,"68":0,"69":0,"70":0,"71":0,"72":0,"73":0,"74":0,"75":0,"76":0,"77":0,"78":0,"79":0,"80":0,"81":0,"82":0,"83":0,"84":0,"85":0,"86":0,"87":0,"88":0,"89":0,"90":0,"91":0,"92":0,"93":0,"94":0,"95":0,"96":0,"97":0,"98":0,"99":0,"100":0,"101":0,"102":0,"103":0,"104":0,"105":0,"106":0,"107":0,"108":0,"109":0,"110":0,"111":0,"112":0,"113":0,"114":0,"115":0,"116":0,"117":0,"118":0,"119":0,"120":0,"121":0,"122":0,"123":0,"124":0,"125":0,"126":0,"127":0,"128":0,"129":0,"130":1},"f":{"0":5,"1":7,"2":0,"3":0,"4":0,"5":0,"6":0,"7":0,"8":0,"9":0,"10":0,"11":0,"12":0,"13":0},"b":{"0":[1,4],"1":[1,3],"2":[1,2],"3":[1,1],"4":[0,0],"5":[0,0],"6":[0,0],"7":[0,0],"8":[0,0],"9":[0,0],"10":[0,0],"11":[0,0],"12":[0,0]},"_coverageSchema":"1a1c01bbd47fc00a2c39e90264f33305004495a9","hash":"98bb42a5fb50adad8ee563b62c53a1a2ee1aa591"}
,"D:\\download\\z\\data diri\\bootcamp\\phase 2\\individual project\\ip-MuhammadSyauqiAlBashir\\server\\helpers\\bcrypt.js": {"path":"D:\\download\\z\\data diri\\bootcamp\\phase 2\\individual project\\ip-MuhammadSyauqiAlBashir\\server\\helpers\\bcrypt.js","statementMap":{"0":{"start":{"line":1,"column":15},"end":{"line":1,"column":32}},"1":{"start":{"line":5,"column":8},"end":{"line":5,"column":64}},"2":{"start":{"line":8,"column":8},"end":{"line":8,"column":57}},"3":{"start":{"line":12,"column":0},"end":{"line":12,"column":27}}},"fnMap":{"0":{"name":"(anonymous_0)","decl":{"start":{"line":4,"column":4},"end":{"line":4,"column":5}},"loc":{"start":{"line":4,"column":34},"end":{"line":6,"column":5}},"line":4},"1":{"name":"(anonymous_1)","decl":{"start":{"line":7,"column":4},"end":{"line":7,"column":5}},"loc":{"start":{"line":7,"column":50},"end":{"line":9,"column":5}},"line":7}},"branchMap":{},"s":{"0":1,"1":3,"2":2,"3":1},"f":{"0":3,"1":2},"b":{},"_coverageSchema":"1a1c01bbd47fc00a2c39e90264f33305004495a9","hash":"6200edeb0cd6ea59f138625519c509617616e1d3"}
,"D:\\download\\z\\data diri\\bootcamp\\phase 2\\individual project\\ip-MuhammadSyauqiAlBashir\\server\\helpers\\jwt.js": {"path":"D:\\download\\z\\data diri\\bootcamp\\phase 2\\individual project\\ip-MuhammadSyauqiAlBashir\\server\\helpers\\jwt.js","statementMap":{"0":{"start":{"line":1,"column":12},"end":{"line":1,"column":35}},"1":{"start":{"line":2,"column":16},"end":{"line":2,"column":38}},"2":{"start":{"line":6,"column":8},"end":{"line":6,"column":40}},"3":{"start":{"line":9,"column":8},"end":{"line":9,"column":40}},"4":{"start":{"line":13,"column":0},"end":{"line":13,"column":22}}},"fnMap":{"0":{"name":"(anonymous_0)","decl":{"start":{"line":5,"column":4},"end":{"line":5,"column":5}},"loc":{"start":{"line":5,"column":29},"end":{"line":7,"column":5}},"line":5},"1":{"name":"(anonymous_1)","decl":{"start":{"line":8,"column":4},"end":{"line":8,"column":5}},"loc":{"start":{"line":8,"column":24},"end":{"line":10,"column":5}},"line":8}},"branchMap":{},"s":{"0":1,"1":1,"2":2,"3":0,"4":1},"f":{"0":2,"1":0},"b":{},"_coverageSchema":"1a1c01bbd47fc00a2c39e90264f33305004495a9","hash":"5d66c23e91cd1feef53a02e0a67f7a2520847670"}
,"D:\\download\\z\\data diri\\bootcamp\\phase 2\\individual project\\ip-MuhammadSyauqiAlBashir\\server\\middlewares\\middleware.js": {"path":"D:\\download\\z\\data diri\\bootcamp\\phase 2\\individual project\\ip-MuhammadSyauqiAlBashir\\server\\middlewares\\middleware.js","statementMap":{"0":{"start":{"line":1,"column":14},"end":{"line":1,"column":39}},"1":{"start":{"line":2,"column":26},"end":{"line":2,"column":46}},"2":{"start":{"line":3,"column":15},"end":{"line":3,"column":32}},"3":{"start":{"line":7,"column":4},"end":{"line":19,"column":5}},"4":{"start":{"line":8,"column":32},"end":{"line":8,"column":43}},"5":{"start":{"line":9,"column":6},"end":{"line":9,"column":57}},"6":{"start":{"line":9,"column":26},"end":{"line":9,"column":57}},"7":{"start":{"line":10,"column":28},"end":{"line":10,"column":52}},"8":{"start":{"line":11,"column":6},"end":{"line":11,"column":60}},"9":{"start":{"line":11,"column":29},"end":{"line":11,"column":60}},"10":{"start":{"line":12,"column":21},"end":{"line":12,"column":40}},"11":{"start":{"line":13,"column":19},"end":{"line":13,"column":42}},"12":{"start":{"line":14,"column":6},"end":{"line":14,"column":48}},"13":{"start":{"line":14,"column":17},"end":{"line":14,"column":48}},"14":{"start":{"line":15,"column":6},"end":{"line":15,"column":22}},"15":{"start":{"line":16,"column":6},"end":{"line":16,"column":13}},"16":{"start":{"line":18,"column":6},"end":{"line":18,"column":18}},"17":{"start":{"line":22,"column":4},"end":{"line":64,"column":5}},"18":{"start":{"line":25,"column":8},"end":{"line":29,"column":10}},"19":{"start":{"line":27,"column":12},"end":{"line":27,"column":31}},"20":{"start":{"line":30,"column":8},"end":{"line":30,"column":14}},"21":{"start":{"line":32,"column":8},"end":{"line":32,"column":63}},"22":{"start":{"line":33,"column":8},"end":{"line":33,"column":14}},"23":{"start":{"line":35,"column":8},"end":{"line":35,"column":66}},"24":{"start":{"line":36,"column":8},"end":{"line":36,"column":14}},"25":{"start":{"line":38,"column":8},"end":{"line":38,"column":68}},"26":{"start":{"line":39,"column":8},"end":{"line":39,"column":14}},"27":{"start":{"line":41,"column":8},"end":{"line":41,"column":59}},"28":{"start":{"line":42,"column":8},"end":{"line":42,"column":14}},"29":{"start":{"line":44,"column":8},"end":{"line":44,"column":63}},"30":{"start":{"line":45,"column":8},"end":{"line":45,"column":14}},"31":{"start":{"line":48,"column":8},"end":{"line":48,"column":59}},"32":{"start":{"line":49,"column":8},"end":{"line":49,"column":14}},"33":{"start":{"line":51,"column":8},"end":{"line":51,"column":55}},"34":{"start":{"line":52,"column":8},"end":{"line":52,"column":14}},"35":{"start":{"line":54,"column":8},"end":{"line":54,"column":80}},"36":{"start":{"line":55,"column":8},"end":{"line":55,"column":13}},"37":{"start":{"line":57,"column":8},"end":{"line":57,"column":75}},"38":{"start":{"line":58,"column":8},"end":{"line":58,"column":13}},"39":{"start":{"line":61,"column":8},"end":{"line":61,"column":25}},"40":{"start":{"line":62,"column":8},"end":{"line":62,"column":67}},"41":{"start":{"line":63,"column":8},"end":{"line":63,"column":14}},"42":{"start":{"line":68,"column":15},"end":{"line":70,"column":2}},"43":{"start":{"line":72,"column":0},"end":{"line":72,"column":40}}},"fnMap":{"0":{"name":"(anonymous_0)","decl":{"start":{"line":6,"column":2},"end":{"line":6,"column":3}},"loc":{"start":{"line":6,"column":46},"end":{"line":20,"column":3}},"line":6},"1":{"name":"(anonymous_1)","decl":{"start":{"line":21,"column":2},"end":{"line":21,"column":3}},"loc":{"start":{"line":21,"column":43},"end":{"line":65,"column":3}},"line":21},"2":{"name":"(anonymous_2)","decl":{"start":{"line":26,"column":25},"end":{"line":26,"column":26}},"loc":{"start":{"line":26,"column":34},"end":{"line":28,"column":11}},"line":26}},"branchMap":{"0":{"loc":{"start":{"line":9,"column":6},"end":{"line":9,"column":57}},"type":"if","locations":[{"start":{"line":9,"column":6},"end":{"line":9,"column":57}},{"start":{},"end":{}}],"line":9},"1":{"loc":{"start":{"line":11,"column":6},"end":{"line":11,"column":60}},"type":"if","locations":[{"start":{"line":11,"column":6},"end":{"line":11,"column":60}},{"start":{},"end":{}}],"line":11},"2":{"loc":{"start":{"line":14,"column":6},"end":{"line":14,"column":48}},"type":"if","locations":[{"start":{"line":14,"column":6},"end":{"line":14,"column":48}},{"start":{},"end":{}}],"line":14},"3":{"loc":{"start":{"line":22,"column":4},"end":{"line":64,"column":5}},"type":"switch","locations":[{"start":{"line":23,"column":6},"end":{"line":23,"column":38}},{"start":{"line":24,"column":6},"end":{"line":30,"column":14}},{"start":{"line":31,"column":6},"end":{"line":33,"column":14}},{"start":{"line":34,"column":6},"end":{"line":36,"column":14}},{"start":{"line":37,"column":6},"end":{"line":39,"column":14}},{"start":{"line":40,"column":6},"end":{"line":42,"column":14}},{"start":{"line":43,"column":6},"end":{"line":45,"column":14}},{"start":{"line":46,"column":6},"end":{"line":46,"column":26}},{"start":{"line":47,"column":6},"end":{"line":49,"column":14}},{"start":{"line":50,"column":6},"end":{"line":52,"column":14}},{"start":{"line":53,"column":6},"end":{"line":55,"column":13}},{"start":{"line":56,"column":6},"end":{"line":58,"column":13}},{"start":{"line":60,"column":6},"end":{"line":63,"column":14}}],"line":22}},"s":{"0":1,"1":1,"2":1,"3":0,"4":0,"5":0,"6":0,"7":0,"8":0,"9":0,"10":0,"11":0,"12":0,"13":0,"14":0,"15":0,"16":0,"17":10,"18":6,"19":8,"20":6,"21":1,"22":1,"23":1,"24":1,"25":2,"26":2,"27":0,"28":0,"29":0,"30":0,"31":0,"32":0,"33":0,"34":0,"35":0,"36":0,"37":0,"38":0,"39":0,"40":0,"41":0,"42":1,"43":1},"f":{"0":0,"1":10,"2":8},"b":{"0":[0,0],"1":[0,0],"2":[0,0],"3":[5,6,1,1,2,0,0,0,0,0,0,0,0]},"_coverageSchema":"1a1c01bbd47fc00a2c39e90264f33305004495a9","hash":"76d83a8254cc60587b43dd98906d50518a3b51f5"}
,"D:\\download\\z\\data diri\\bootcamp\\phase 2\\individual project\\ip-MuhammadSyauqiAlBashir\\server\\models\\index.js": {"path":"D:\\download\\z\\data diri\\bootcamp\\phase 2\\individual project\\ip-MuhammadSyauqiAlBashir\\server\\models\\index.js","statementMap":{"0":{"start":{"line":3,"column":11},"end":{"line":3,"column":24}},"1":{"start":{"line":4,"column":13},"end":{"line":4,"column":28}},"2":{"start":{"line":5,"column":18},"end":{"line":5,"column":38}},"3":{"start":{"line":6,"column":16},"end":{"line":6,"column":34}},"4":{"start":{"line":7,"column":17},"end":{"line":7,"column":42}},"5":{"start":{"line":8,"column":12},"end":{"line":8,"column":49}},"6":{"start":{"line":9,"column":15},"end":{"line":9,"column":65}},"7":{"start":{"line":10,"column":11},"end":{"line":10,"column":13}},"8":{"start":{"line":13,"column":0},"end":{"line":17,"column":1}},"9":{"start":{"line":14,"column":2},"end":{"line":14,"column":74}},"10":{"start":{"line":16,"column":2},"end":{"line":16,"column":87}},"11":{"start":{"line":19,"column":0},"end":{"line":32,"column":5}},"12":{"start":{"line":22,"column":4},"end":{"line":27,"column":6}},"13":{"start":{"line":30,"column":18},"end":{"line":30,"column":85}},"14":{"start":{"line":31,"column":4},"end":{"line":31,"column":27}},"15":{"start":{"line":34,"column":0},"end":{"line":38,"column":3}},"16":{"start":{"line":35,"column":2},"end":{"line":37,"column":3}},"17":{"start":{"line":36,"column":4},"end":{"line":36,"column":32}},"18":{"start":{"line":40,"column":0},"end":{"line":40,"column":25}},"19":{"start":{"line":41,"column":0},"end":{"line":41,"column":25}},"20":{"start":{"line":43,"column":0},"end":{"line":43,"column":20}}},"fnMap":{"0":{"name":"(anonymous_0)","decl":{"start":{"line":21,"column":10},"end":{"line":21,"column":11}},"loc":{"start":{"line":21,"column":18},"end":{"line":28,"column":3}},"line":21},"1":{"name":"(anonymous_1)","decl":{"start":{"line":29,"column":11},"end":{"line":29,"column":12}},"loc":{"start":{"line":29,"column":19},"end":{"line":32,"column":3}},"line":29},"2":{"name":"(anonymous_2)","decl":{"start":{"line":34,"column":24},"end":{"line":34,"column":25}},"loc":{"start":{"line":34,"column":37},"end":{"line":38,"column":1}},"line":34}},"branchMap":{"0":{"loc":{"start":{"line":8,"column":12},"end":{"line":8,"column":49}},"type":"binary-expr","locations":[{"start":{"line":8,"column":12},"end":{"line":8,"column":32}},{"start":{"line":8,"column":36},"end":{"line":8,"column":49}}],"line":8},"1":{"loc":{"start":{"line":13,"column":0},"end":{"line":17,"column":1}},"type":"if","locations":[{"start":{"line":13,"column":0},"end":{"line":17,"column":1}},{"start":{"line":15,"column":7},"end":{"line":17,"column":1}}],"line":13},"2":{"loc":{"start":{"line":23,"column":6},"end":{"line":26,"column":37}},"type":"binary-expr","locations":[{"start":{"line":23,"column":6},"end":{"line":23,"column":29}},{"start":{"line":24,"column":6},"end":{"line":24,"column":23}},{"start":{"line":25,"column":6},"end":{"line":25,"column":30}},{"start":{"line":26,"column":6},"end":{"line":26,"column":37}}],"line":23},"3":{"loc":{"start":{"line":35,"column":2},"end":{"line":37,"column":3}},"type":"if","locations":[{"start":{"line":35,"column":2},"end":{"line":37,"column":3}},{"start":{},"end":{}}],"line":35}},"s":{"0":1,"1":1,"2":1,"3":1,"4":1,"5":1,"6":1,"7":1,"8":1,"9":0,"10":1,"11":1,"12":7,"13":6,"14":6,"15":1,"16":6,"17":6,"18":1,"19":1,"20":1},"f":{"0":7,"1":6,"2":6},"b":{"0":[1,0],"1":[0,1],"2":[7,7,6,6],"3":[6,0]},"_coverageSchema":"1a1c01bbd47fc00a2c39e90264f33305004495a9","hash":"3447f014b07449f24d97d1fe16e59f7183a95728"}
,"D:\\download\\z\\data diri\\bootcamp\\phase 2\\individual project\\ip-MuhammadSyauqiAlBashir\\server\\models\\item.js": {"path":"D:\\download\\z\\data diri\\bootcamp\\phase 2\\individual project\\ip-MuhammadSyauqiAlBashir\\server\\models\\item.js","statementMap":{"0":{"start":{"line":4,"column":4},"end":{"line":4,"column":24}},"1":{"start":{"line":5,"column":0},"end":{"line":72,"column":2}},"2":{"start":{"line":14,"column":6},"end":{"line":14,"column":36}},"3":{"start":{"line":15,"column":6},"end":{"line":15,"column":34}},"4":{"start":{"line":18,"column":2},"end":{"line":70,"column":5}},"5":{"start":{"line":71,"column":2},"end":{"line":71,"column":14}}},"fnMap":{"0":{"name":"(anonymous_0)","decl":{"start":{"line":5,"column":17},"end":{"line":5,"column":18}},"loc":{"start":{"line":5,"column":43},"end":{"line":72,"column":1}},"line":5},"1":{"name":"(anonymous_1)","decl":{"start":{"line":12,"column":4},"end":{"line":12,"column":5}},"loc":{"start":{"line":12,"column":29},"end":{"line":16,"column":5}},"line":12}},"branchMap":{},"s":{"0":1,"1":1,"2":1,"3":1,"4":1,"5":1},"f":{"0":1,"1":1},"b":{},"_coverageSchema":"1a1c01bbd47fc00a2c39e90264f33305004495a9","hash":"8fee38cf41705a4c118c0e670b6f31a177767e37"}
,"D:\\download\\z\\data diri\\bootcamp\\phase 2\\individual project\\ip-MuhammadSyauqiAlBashir\\server\\models\\notification.js": {"path":"D:\\download\\z\\data diri\\bootcamp\\phase 2\\individual project\\ip-MuhammadSyauqiAlBashir\\server\\models\\notification.js","statementMap":{"0":{"start":{"line":4,"column":4},"end":{"line":4,"column":24}},"1":{"start":{"line":5,"column":0},"end":{"line":60,"column":2}},"2":{"start":{"line":14,"column":6},"end":{"line":14,"column":41}},"3":{"start":{"line":15,"column":6},"end":{"line":15,"column":42}},"4":{"start":{"line":18,"column":2},"end":{"line":58,"column":5}},"5":{"start":{"line":59,"column":2},"end":{"line":59,"column":22}}},"fnMap":{"0":{"name":"(anonymous_0)","decl":{"start":{"line":5,"column":17},"end":{"line":5,"column":18}},"loc":{"start":{"line":5,"column":43},"end":{"line":60,"column":1}},"line":5},"1":{"name":"(anonymous_1)","decl":{"start":{"line":12,"column":4},"end":{"line":12,"column":5}},"loc":{"start":{"line":12,"column":29},"end":{"line":16,"column":5}},"line":12}},"branchMap":{},"s":{"0":1,"1":1,"2":1,"3":1,"4":1,"5":1},"f":{"0":1,"1":1},"b":{},"_coverageSchema":"1a1c01bbd47fc00a2c39e90264f33305004495a9","hash":"011128f450b04eae903aa8103910aa50c2dec3ac"}
,"D:\\download\\z\\data diri\\bootcamp\\phase 2\\individual project\\ip-MuhammadSyauqiAlBashir\\server\\models\\order.js": {"path":"D:\\download\\z\\data diri\\bootcamp\\phase 2\\individual project\\ip-MuhammadSyauqiAlBashir\\server\\models\\order.js","statementMap":{"0":{"start":{"line":4,"column":4},"end":{"line":4,"column":24}},"1":{"start":{"line":5,"column":0},"end":{"line":63,"column":2}},"2":{"start":{"line":15,"column":6},"end":{"line":15,"column":40}},"3":{"start":{"line":16,"column":6},"end":{"line":16,"column":32}},"4":{"start":{"line":20,"column":2},"end":{"line":61,"column":5}},"5":{"start":{"line":62,"column":2},"end":{"line":62,"column":15}}},"fnMap":{"0":{"name":"(anonymous_0)","decl":{"start":{"line":5,"column":17},"end":{"line":5,"column":18}},"loc":{"start":{"line":5,"column":43},"end":{"line":63,"column":1}},"line":5},"1":{"name":"(anonymous_1)","decl":{"start":{"line":12,"column":4},"end":{"line":12,"column":5}},"loc":{"start":{"line":12,"column":29},"end":{"line":18,"column":5}},"line":12}},"branchMap":{},"s":{"0":1,"1":1,"2":1,"3":1,"4":1,"5":1},"f":{"0":1,"1":1},"b":{},"_coverageSchema":"1a1c01bbd47fc00a2c39e90264f33305004495a9","hash":"160b63d0f9ebbf5db36f42bf42efc03ed2565552"}
,"D:\\download\\z\\data diri\\bootcamp\\phase 2\\individual project\\ip-MuhammadSyauqiAlBashir\\server\\models\\product.js": {"path":"D:\\download\\z\\data diri\\bootcamp\\phase 2\\individual project\\ip-MuhammadSyauqiAlBashir\\server\\models\\product.js","statementMap":{"0":{"start":{"line":4,"column":4},"end":{"line":4,"column":24}},"1":{"start":{"line":5,"column":0},"end":{"line":53,"column":2}},"2":{"start":{"line":15,"column":6},"end":{"line":15,"column":34}},"3":{"start":{"line":18,"column":2},"end":{"line":51,"column":5}},"4":{"start":{"line":52,"column":2},"end":{"line":52,"column":17}}},"fnMap":{"0":{"name":"(anonymous_0)","decl":{"start":{"line":5,"column":17},"end":{"line":5,"column":18}},"loc":{"start":{"line":5,"column":43},"end":{"line":53,"column":1}},"line":5},"1":{"name":"(anonymous_1)","decl":{"start":{"line":12,"column":4},"end":{"line":12,"column":5}},"loc":{"start":{"line":12,"column":29},"end":{"line":16,"column":5}},"line":12}},"branchMap":{},"s":{"0":1,"1":1,"2":1,"3":1,"4":1},"f":{"0":1,"1":1},"b":{},"_coverageSchema":"1a1c01bbd47fc00a2c39e90264f33305004495a9","hash":"6dda29f631e264b7e5edbdd05b27a75cb94f81f2"}
,"D:\\download\\z\\data diri\\bootcamp\\phase 2\\individual project\\ip-MuhammadSyauqiAlBashir\\server\\models\\province.js": {"path":"D:\\download\\z\\data diri\\bootcamp\\phase 2\\individual project\\ip-MuhammadSyauqiAlBashir\\server\\models\\province.js","statementMap":{"0":{"start":{"line":4,"column":4},"end":{"line":4,"column":24}},"1":{"start":{"line":5,"column":0},"end":{"line":23,"column":2}},"2":{"start":{"line":16,"column":2},"end":{"line":21,"column":5}},"3":{"start":{"line":22,"column":2},"end":{"line":22,"column":18}}},"fnMap":{"0":{"name":"(anonymous_0)","decl":{"start":{"line":5,"column":17},"end":{"line":5,"column":18}},"loc":{"start":{"line":5,"column":43},"end":{"line":23,"column":1}},"line":5},"1":{"name":"(anonymous_1)","decl":{"start":{"line":12,"column":4},"end":{"line":12,"column":5}},"loc":{"start":{"line":12,"column":29},"end":{"line":14,"column":5}},"line":12}},"branchMap":{},"s":{"0":1,"1":1,"2":1,"3":1},"f":{"0":1,"1":1},"b":{},"_coverageSchema":"1a1c01bbd47fc00a2c39e90264f33305004495a9","hash":"cdf31e95bfab459da66927ef5c57f0cd9798888c"}
,"D:\\download\\z\\data diri\\bootcamp\\phase 2\\individual project\\ip-MuhammadSyauqiAlBashir\\server\\models\\user.js": {"path":"D:\\download\\z\\data diri\\bootcamp\\phase 2\\individual project\\ip-MuhammadSyauqiAlBashir\\server\\models\\user.js","statementMap":{"0":{"start":{"line":2,"column":18},"end":{"line":2,"column":38}},"1":{"start":{"line":3,"column":19},"end":{"line":3,"column":47}},"2":{"start":{"line":5,"column":0},"end":{"line":86,"column":2}},"3":{"start":{"line":14,"column":6},"end":{"line":14,"column":32}},"4":{"start":{"line":15,"column":6},"end":{"line":15,"column":39}},"5":{"start":{"line":18,"column":2},"end":{"line":84,"column":4}},"6":{"start":{"line":78,"column":10},"end":{"line":78,"column":65}},"7":{"start":{"line":85,"column":2},"end":{"line":85,"column":14}}},"fnMap":{"0":{"name":"(anonymous_0)","decl":{"start":{"line":5,"column":17},"end":{"line":5,"column":18}},"loc":{"start":{"line":5,"column":43},"end":{"line":86,"column":1}},"line":5},"1":{"name":"(anonymous_1)","decl":{"start":{"line":12,"column":4},"end":{"line":12,"column":5}},"loc":{"start":{"line":12,"column":29},"end":{"line":16,"column":5}},"line":12},"2":{"name":"(anonymous_2)","decl":{"start":{"line":77,"column":22},"end":{"line":77,"column":23}},"loc":{"start":{"line":77,"column":41},"end":{"line":79,"column":9}},"line":77}},"branchMap":{},"s":{"0":1,"1":1,"2":1,"3":1,"4":1,"5":1,"6":3,"7":1},"f":{"0":1,"1":1,"2":3},"b":{},"_coverageSchema":"1a1c01bbd47fc00a2c39e90264f33305004495a9","hash":"a05d34a36e71645ed5f7dc73cf352e2455d7446a"}
,"D:\\download\\z\\data diri\\bootcamp\\phase 2\\individual project\\ip-MuhammadSyauqiAlBashir\\server\\routers\\index.js": {"path":"D:\\download\\z\\data diri\\bootcamp\\phase 2\\individual project\\ip-MuhammadSyauqiAlBashir\\server\\routers\\index.js","statementMap":{"0":{"start":{"line":1,"column":16},"end":{"line":1,"column":34}},"1":{"start":{"line":2,"column":19},"end":{"line":2,"column":55}},"2":{"start":{"line":3,"column":29},"end":{"line":3,"column":65}},"3":{"start":{"line":4,"column":15},"end":{"line":4,"column":31}},"4":{"start":{"line":7,"column":0},"end":{"line":7,"column":39}},"5":{"start":{"line":8,"column":0},"end":{"line":8,"column":45}},"6":{"start":{"line":9,"column":0},"end":{"line":9,"column":51}},"7":{"start":{"line":10,"column":0},"end":{"line":10,"column":47}},"8":{"start":{"line":12,"column":0},"end":{"line":12,"column":37}},"9":{"start":{"line":13,"column":0},"end":{"line":13,"column":81}},"10":{"start":{"line":14,"column":0},"end":{"line":14,"column":45}},"11":{"start":{"line":15,"column":0},"end":{"line":15,"column":50}},"12":{"start":{"line":16,"column":0},"end":{"line":16,"column":55}},"13":{"start":{"line":17,"column":0},"end":{"line":17,"column":56}},"14":{"start":{"line":18,"column":0},"end":{"line":18,"column":58}},"15":{"start":{"line":19,"column":0},"end":{"line":19,"column":52}},"16":{"start":{"line":20,"column":0},"end":{"line":20,"column":50}},"17":{"start":{"line":21,"column":0},"end":{"line":21,"column":45}},"18":{"start":{"line":24,"column":0},"end":{"line":24,"column":35}},"19":{"start":{"line":26,"column":0},"end":{"line":26,"column":23}}},"fnMap":{},"branchMap":{},"s":{"0":1,"1":1,"2":1,"3":1,"4":1,"5":1,"6":1,"7":1,"8":1,"9":1,"10":1,"11":1,"12":1,"13":1,"14":1,"15":1,"16":1,"17":1,"18":1,"19":1},"f":{},"b":{},"_coverageSchema":"1a1c01bbd47fc00a2c39e90264f33305004495a9","hash":"8cd4901e0c1a3c048add9183b8c870af1289ab39"}
}
